<?xml version="1.0" encoding="UTF-8"?>
<testsuite xmlns:xsi="http://www.w3.org/2001/XMLSchema-instance" xsi:noNamespaceSchemaLocation="https://maven.apache.org/surefire/maven-surefire-plugin/xsd/surefire-test-report.xsd" name="ensta.ServiceTest" time="0.012" tests="2" errors="1" skipped="0" failures="1">
  <properties>
    <property name="java.specification.version" value="15"/>
    <property name="sun.jnu.encoding" value="UTF-8"/>
    <property name="java.class.path" value="/Users/alexandre/Documents/ENSTA/2A/IN205/IN205-Projet_librarymanager/Projet2/target/test-classes:/Users/alexandre/Documents/ENSTA/2A/IN205/IN205-Projet_librarymanager/Projet2/target/classes:/Users/alexandre/.m2/repository/junit/junit/4.11/junit-4.11.jar:/Users/alexandre/.m2/repository/org/hamcrest/hamcrest-core/1.3/hamcrest-core-1.3.jar:/Users/alexandre/.m2/repository/javax/servlet/javax.servlet-api/3.1.0/javax.servlet-api-3.1.0.jar:/Users/alexandre/.m2/repository/javax/servlet/jsp/javax.servlet.jsp-api/2.3.1/javax.servlet.jsp-api-2.3.1.jar:/Users/alexandre/.m2/repository/jstl/jstl/1.2/jstl-1.2.jar:/Users/alexandre/.m2/repository/com/h2database/h2/1.4.197/h2-1.4.197.jar:"/>
    <property name="java.vm.vendor" value="Oracle Corporation"/>
    <property name="sun.arch.data.model" value="64"/>
    <property name="java.vendor.url" value="https://openjdk.java.net/"/>
    <property name="os.name" value="Mac OS X"/>
    <property name="java.vm.specification.version" value="15"/>
    <property name="sun.java.launcher" value="SUN_STANDARD"/>
    <property name="user.country" value="FR"/>
    <property name="sun.boot.library.path" value="/usr/local/Cellar/openjdk/15.0.1/libexec/openjdk.jdk/Contents/Home/lib"/>
    <property name="sun.java.command" value="/Users/alexandre/Documents/ENSTA/2A/IN205/IN205-Projet_librarymanager/Projet2/target/surefire/surefirebooter11445689574860989211.jar /Users/alexandre/Documents/ENSTA/2A/IN205/IN205-Projet_librarymanager/Projet2/target/surefire 2021-03-31T13-50-11_370-jvmRun1 surefire7963202997169547164tmp surefire_07134631188706240289tmp"/>
    <property name="jdk.debug" value="release"/>
    <property name="surefire.test.class.path" value="/Users/alexandre/Documents/ENSTA/2A/IN205/IN205-Projet_librarymanager/Projet2/target/test-classes:/Users/alexandre/Documents/ENSTA/2A/IN205/IN205-Projet_librarymanager/Projet2/target/classes:/Users/alexandre/.m2/repository/junit/junit/4.11/junit-4.11.jar:/Users/alexandre/.m2/repository/org/hamcrest/hamcrest-core/1.3/hamcrest-core-1.3.jar:/Users/alexandre/.m2/repository/javax/servlet/javax.servlet-api/3.1.0/javax.servlet-api-3.1.0.jar:/Users/alexandre/.m2/repository/javax/servlet/jsp/javax.servlet.jsp-api/2.3.1/javax.servlet.jsp-api-2.3.1.jar:/Users/alexandre/.m2/repository/jstl/jstl/1.2/jstl-1.2.jar:/Users/alexandre/.m2/repository/com/h2database/h2/1.4.197/h2-1.4.197.jar:"/>
    <property name="sun.cpu.endian" value="little"/>
    <property name="user.home" value="/Users/alexandre"/>
    <property name="user.language" value="fr"/>
    <property name="java.specification.vendor" value="Oracle Corporation"/>
    <property name="java.version.date" value="2020-10-20"/>
    <property name="java.home" value="/usr/local/Cellar/openjdk/15.0.1/libexec/openjdk.jdk/Contents/Home"/>
    <property name="file.separator" value="/"/>
    <property name="basedir" value="/Users/alexandre/Documents/ENSTA/2A/IN205/IN205-Projet_librarymanager/Projet2"/>
    <property name="java.vm.compressedOopsMode" value="Zero based"/>
    <property name="line.separator" value="&#10;"/>
    <property name="java.vm.specification.vendor" value="Oracle Corporation"/>
    <property name="java.specification.name" value="Java Platform API Specification"/>
    <property name="surefire.real.class.path" value="/Users/alexandre/Documents/ENSTA/2A/IN205/IN205-Projet_librarymanager/Projet2/target/surefire/surefirebooter11445689574860989211.jar"/>
    <property name="sun.management.compiler" value="HotSpot 64-Bit Tiered Compilers"/>
    <property name="java.runtime.version" value="15.0.1+9"/>
    <property name="user.name" value="alexandre"/>
    <property name="path.separator" value=":"/>
    <property name="os.version" value="11.2.3"/>
    <property name="java.runtime.name" value="OpenJDK Runtime Environment"/>
    <property name="file.encoding" value="UTF-8"/>
    <property name="java.vm.name" value="OpenJDK 64-Bit Server VM"/>
    <property name="localRepository" value="/Users/alexandre/.m2/repository"/>
    <property name="java.vendor.url.bug" value="https://bugreport.java.com/bugreport/"/>
    <property name="java.io.tmpdir" value="/var/folders/1z/n_w_tsxs5sg0r8vjfl8_qt3h0000gn/T/"/>
    <property name="java.version" value="15.0.1"/>
    <property name="user.dir" value="/Users/alexandre/Documents/ENSTA/2A/IN205/IN205-Projet_librarymanager/Projet2"/>
    <property name="os.arch" value="x86_64"/>
    <property name="java.vm.specification.name" value="Java Virtual Machine Specification"/>
    <property name="java.library.path" value="/Users/alexandre/Library/Java/Extensions:/Library/Java/Extensions:/Network/Library/Java/Extensions:/System/Library/Java/Extensions:/usr/lib/java:."/>
    <property name="java.vm.info" value="mixed mode, sharing"/>
    <property name="java.vendor" value="N/A"/>
    <property name="java.vm.version" value="15.0.1+9"/>
    <property name="sun.io.unicode.encoding" value="UnicodeBig"/>
    <property name="java.class.version" value="59.0"/>
  </properties>
  <testcase name="testMembreService" classname="ensta.ServiceTest" time="0.012">
    <failure message="expected:&lt;Membre [id = 19, nom = Dupont, prenom = Jacques, adresse = Paris, email = email@ensta.fr, telephone = 0789898989, abonnement = BASIC]&gt; but was:&lt;Membre [id = 19, nom = DUPONT, prenom = Jacques, adresse = Paris, email = email@ensta.fr, telephone = 0789898989, abonnement = null]&gt;" type="java.lang.AssertionError"><![CDATA[java.lang.AssertionError: expected:<Membre [id = 19, nom = Dupont, prenom = Jacques, adresse = Paris, email = email@ensta.fr, telephone = 0789898989, abonnement = BASIC]> but was:<Membre [id = 19, nom = DUPONT, prenom = Jacques, adresse = Paris, email = email@ensta.fr, telephone = 0789898989, abonnement = null]>
	at ensta.ServiceTest.testMembreService(ServiceTest.java:40)
]]></failure>
    <system-out><![CDATA[[Membre [id = 6, nom = BALTHAZAR, prenom = Raphaël, adresse = 42 rue du Clair Bocage, email = rbalthazar@email.com, telephone = 0654821968, abonnement = PREMIUM], Membre [id = 12, nom = CASSANDRE, prenom = Florence, adresse = 63 rue Joseph Vernet, email = fcassandre@email.com, telephone = 0721137437, abonnement = BASIC], Membre [id = 11, nom = CAÏN, prenom = Frédéric, adresse = 43 route de Lyon, email = fcain@email.com, telephone = 0629831280, abonnement = BASIC], Membre [id = 7, nom = CHASSAGNE, prenom = Florence, adresse = 28 rue Michel Ange, email = fchassagne@email.com, telephone = 0154829537, abonnement = VIP], Membre [id = 1, nom = CHERIF, prenom = Kader, adresse = 2 rue Sadi Carnot, email = kcherif@email.com, telephone = 0243585672, abonnement = PREMIUM], Membre [id = 9, nom = LEBOWITZ, prenom = Paule, adresse = 75 avenue Jean Portalis, email = plebowitz@email.com, telephone = 0165483283, abonnement = BASIC], Membre [id = 4, nom = MAGELLAN, prenom = Simon, adresse = 48 rue du Château, email = smagellan@email.com, telephone = 0423496545, abonnement = BASIC], Membre [id = 5, nom = MARLEAU, prenom = Sylvie, adresse = 20 rue de l'Aigle, email = smarleau@email.com, telephone = , abonnement = BASIC], Membre [id = 2, nom = MONGEVILLE, prenom = Antoine, adresse = 8 rue Frédéric Chopin, email = amongeville@email.com, telephone = 0426813579, abonnement = VIP], Membre [id = 10, nom = MUNCHOWSKI, prenom = Gabrielle, adresse = 92 rue Gustave Eiffel, email = gmunchowski@email.com, telephone = 0157499347, abonnement = PREMIUM], Membre [id = 3, nom = RENOIR, prenom = Candice, adresse = 26 rue de l'Epeule, email = crenoir@email.com, telephone = 0485724694, abonnement = BASIC], Membre [id = 8, nom = WEISS, prenom = Lauren, adresse = 49 rue St Ferréol, email = lweiss@email.com, telephone = 0349302501, abonnement = PREMIUM]]
]]></system-out>
  </testcase>
  <testcase name="testEmpruntService" classname="ensta.ServiceTest" time="0">
    <error message="Cannot invoke &quot;java.time.LocalDate.toString()&quot; because &quot;this.dateRetour&quot; is null" type="java.lang.NullPointerException">java.lang.NullPointerException: Cannot invoke "java.time.LocalDate.toString()" because "this.dateRetour" is null
	at ensta.ServiceTest.testEmpruntService(ServiceTest.java:25)
</error>
  </testcase>
</testsuite>